Determining if the pthread_create exist failed with the following output:
Change Dir: /home/dji/DJI_Onboard_Sdk/build/CMakeFiles/CMakeTmp

Run Build Command:"/usr/bin/make" "cmTC_c905e/fast"
/usr/bin/make -f CMakeFiles/cmTC_c905e.dir/build.make CMakeFiles/cmTC_c905e.dir/build
make[1]: Entering directory '/home/dji/DJI_Onboard_Sdk/build/CMakeFiles/CMakeTmp'
Building C object CMakeFiles/cmTC_c905e.dir/CheckSymbolExists.c.o
/usr/bin/cc     -o CMakeFiles/cmTC_c905e.dir/CheckSymbolExists.c.o   -c /home/dji/DJI_Onboard_Sdk/build/CMakeFiles/CMakeTmp/CheckSymbolExists.c
Linking C executable cmTC_c905e
/usr/bin/cmake -E cmake_link_script CMakeFiles/cmTC_c905e.dir/link.txt --verbose=1
/usr/bin/cc       CMakeFiles/cmTC_c905e.dir/CheckSymbolExists.c.o  -o cmTC_c905e -rdynamic 
CMakeFiles/cmTC_c905e.dir/CheckSymbolExists.c.o: In function `main':
CheckSymbolExists.c:(.text+0x14): undefined reference to `pthread_create'
CheckSymbolExists.c:(.text+0x18): undefined reference to `pthread_create'
collect2: error: ld returned 1 exit status
CMakeFiles/cmTC_c905e.dir/build.make:97: recipe for target 'cmTC_c905e' failed
make[1]: *** [cmTC_c905e] Error 1
make[1]: Leaving directory '/home/dji/DJI_Onboard_Sdk/build/CMakeFiles/CMakeTmp'
Makefile:126: recipe for target 'cmTC_c905e/fast' failed
make: *** [cmTC_c905e/fast] Error 2

File /home/dji/DJI_Onboard_Sdk/build/CMakeFiles/CMakeTmp/CheckSymbolExists.c:
/* */
#include <pthread.h>

int main(int argc, char** argv)
{
  (void)argv;
#ifndef pthread_create
  return ((int*)(&pthread_create))[argc];
#else
  (void)argc;
  return 0;
#endif
}

Determining if the function pthread_create exists in the pthreads failed with the following output:
Change Dir: /home/dji/DJI_Onboard_Sdk/build/CMakeFiles/CMakeTmp

Run Build Command:"/usr/bin/make" "cmTC_7ab7a/fast"
/usr/bin/make -f CMakeFiles/cmTC_7ab7a.dir/build.make CMakeFiles/cmTC_7ab7a.dir/build
make[1]: Entering directory '/home/dji/DJI_Onboard_Sdk/build/CMakeFiles/CMakeTmp'
Building C object CMakeFiles/cmTC_7ab7a.dir/CheckFunctionExists.c.o
/usr/bin/cc    -DCHECK_FUNCTION_EXISTS=pthread_create   -o CMakeFiles/cmTC_7ab7a.dir/CheckFunctionExists.c.o   -c /usr/share/cmake-3.5/Modules/CheckFunctionExists.c
Linking C executable cmTC_7ab7a
/usr/bin/cmake -E cmake_link_script CMakeFiles/cmTC_7ab7a.dir/link.txt --verbose=1
/usr/bin/cc   -DCHECK_FUNCTION_EXISTS=pthread_create    CMakeFiles/cmTC_7ab7a.dir/CheckFunctionExists.c.o  -o cmTC_7ab7a -rdynamic -lpthreads 
/usr/bin/ld: cannot find -lpthreads
collect2: error: ld returned 1 exit status
CMakeFiles/cmTC_7ab7a.dir/build.make:97: recipe for target 'cmTC_7ab7a' failed
make[1]: *** [cmTC_7ab7a] Error 1
make[1]: Leaving directory '/home/dji/DJI_Onboard_Sdk/build/CMakeFiles/CMakeTmp'
Makefile:126: recipe for target 'cmTC_7ab7a/fast' failed
make: *** [cmTC_7ab7a/fast] Error 2


